<?xml version="1.0" encoding="UTF-8"?>
<testsuite name="com.example.app.JwtTokenProviderTest" tests="1" skipped="0" failures="0" errors="0" timestamp="2025-07-25T11:17:55.711Z" hostname="MacBook-Pro-Shad0wX7.local" time="0.065">
  <properties/>
  <testcase name="shouldGenerateAndValidateToken()" classname="com.example.app.JwtTokenProviderTest" time="0.065"/>
  <system-out><![CDATA[]]></system-out>
  <system-err><![CDATA[]]></system-err>
</testsuite>
